🎨 Starting AI Stock Assistant Frontend...
🚀 Starting React development server on http://localhost:3000

> ai-stock-assistant-frontend@1.0.0 start
> react-scripts start

(node:14419) [DEP_WEBPACK_DEV_SERVER_ON_AFTER_SETUP_MIDDLEWARE] DeprecationWarning: 'onAfterSetupMiddleware' option is deprecated. Please use the 'setupMiddlewares' option.
(Use `node --trace-deprecation ...` to show where the warning was created)
(node:14419) [DEP_WEBPACK_DEV_SERVER_ON_BEFORE_SETUP_MIDDLEWARE] DeprecationWarning: 'onBeforeSetupMiddleware' option is deprecated. Please use the 'setupMiddlewares' option.
Starting the development server...

Compiled successfully!

You can now view ai-stock-assistant-frontend in the browser.

  Local:            http://localhost:3000
  On Your Network:  http://192.168.68.63:3000

Note that the development build is not optimized.
To create a production build, use npm run build.

webpack compiled successfully
Files successfully emitted, waiting for typecheck results...
Issues checking in progress...
No issues found.
Compiling...
Compiled successfully!
webpack compiled successfully
No issues found.
Compiling...
Compiled successfully!
webpack compiled successfully
No issues found.
Compiling...
Compiled with warnings.

[eslint] 
src/components/Message.tsx
  Line 4:10:  'FollowUpSuggestions' is defined but never used  @typescript-eslint/no-unused-vars

Search for the keywords to learn more about each warning.
To ignore, add // eslint-disable-next-line to the line before.

WARNING in [eslint] 
src/components/Message.tsx
  Line 4:10:  'FollowUpSuggestions' is defined but never used  @typescript-eslint/no-unused-vars

webpack compiled with 1 warning
No issues found.
Compiling...
Compiled with warnings.

[eslint] 
src/components/Message.tsx
  Line 4:10:   'FollowUpSuggestions' is defined but never used    @typescript-eslint/no-unused-vars
  Line 35:20:  'cleanContent' is assigned a value but never used  @typescript-eslint/no-unused-vars
  Line 35:34:  'suggestions' is assigned a value but never used   @typescript-eslint/no-unused-vars

Search for the keywords to learn more about each warning.
To ignore, add // eslint-disable-next-line to the line before.

WARNING in [eslint] 
src/components/Message.tsx
  Line 4:10:   'FollowUpSuggestions' is defined but never used    @typescript-eslint/no-unused-vars
  Line 35:20:  'cleanContent' is assigned a value but never used  @typescript-eslint/no-unused-vars
  Line 35:34:  'suggestions' is assigned a value but never used   @typescript-eslint/no-unused-vars

webpack compiled with 1 warning
No issues found.
Compiling...
Compiled successfully!
webpack compiled successfully
No issues found.
Compiling...
Compiled successfully!
webpack compiled successfully
No issues found.
Compiling...
Compiled successfully!
webpack compiled successfully
No issues found.
